[2014-02-10 08:02:58] phpDocumentor.INFO: Collecting files ..  [] []
[2014-02-10 08:02:58] phpDocumentor.INFO: OK [] []
[2014-02-10 08:02:58] phpDocumentor.INFO: Initializing parser ..  [] []
[2014-02-10 08:02:58] phpDocumentor.INFO: OK [] []
[2014-02-10 08:02:58] phpDocumentor.INFO: Parsing files [] []
[2014-02-10 08:02:58] phpDocumentor.INFO: Parsing /Users/wagnert/Workspace/appserver/0.5.8/TechDivision_WebSocketContainer/src/TechDivision/WebSocketContainer/Application.php [] []
[2014-02-10 08:02:58] phpDocumentor.INFO: Parsing /Users/wagnert/Workspace/appserver/0.5.8/TechDivision_WebSocketContainer/src/TechDivision/WebSocketContainer/BadRequestException.php [] []
[2014-02-10 08:02:58] phpDocumentor.INFO: Parsing /Users/wagnert/Workspace/appserver/0.5.8/TechDivision_WebSocketContainer/src/TechDivision/WebSocketContainer/Container.php [] []
[2014-02-10 08:02:58] phpDocumentor.INFO:   No summary for class \TechDivision\WebSocketContainer\Container [] []
[2014-02-10 08:02:58] phpDocumentor.INFO: Parsing /Users/wagnert/Workspace/appserver/0.5.8/TechDivision_WebSocketContainer/src/TechDivision/WebSocketContainer/Deployment.php [] []
[2014-02-10 08:02:58] phpDocumentor.INFO:   No summary for class \TechDivision\WebSocketContainer\Deployment [] []
[2014-02-10 08:02:58] phpDocumentor.INFO: Parsing /Users/wagnert/Workspace/appserver/0.5.8/TechDivision_WebSocketContainer/src/TechDivision/WebSocketContainer/Handlers/AbstractHandler.php [] []
[2014-02-10 08:02:58] phpDocumentor.INFO: Parsing /Users/wagnert/Workspace/appserver/0.5.8/TechDivision_WebSocketContainer/src/TechDivision/WebSocketContainer/Handlers/Handler.php [] []
[2014-02-10 08:02:58] phpDocumentor.INFO: Parsing /Users/wagnert/Workspace/appserver/0.5.8/TechDivision_WebSocketContainer/src/TechDivision/WebSocketContainer/Handlers/HandlerConfig.php [] []
[2014-02-10 08:02:58] phpDocumentor.INFO: Parsing /Users/wagnert/Workspace/appserver/0.5.8/TechDivision_WebSocketContainer/src/TechDivision/WebSocketContainer/Handlers/HandlerConfiguration.php [] []
[2014-02-10 08:02:58] phpDocumentor.INFO: Parsing /Users/wagnert/Workspace/appserver/0.5.8/TechDivision_WebSocketContainer/src/TechDivision/WebSocketContainer/Handlers/HandlerException.php [] []
[2014-02-10 08:02:58] phpDocumentor.INFO: Parsing /Users/wagnert/Workspace/appserver/0.5.8/TechDivision_WebSocketContainer/src/TechDivision/WebSocketContainer/Handlers/HandlerManager.php [] []
[2014-02-10 08:02:59] phpDocumentor.INFO: Parsing /Users/wagnert/Workspace/appserver/0.5.8/TechDivision_WebSocketContainer/src/TechDivision/WebSocketContainer/Handlers/InvalidHandlerClassException.php [] []
[2014-02-10 08:02:59] phpDocumentor.INFO: Parsing /Users/wagnert/Workspace/appserver/0.5.8/TechDivision_WebSocketContainer/src/TechDivision/WebSocketContainer/Handlers/InvalidHandlerMappingException.php [] []
[2014-02-10 08:02:59] phpDocumentor.INFO: Parsing /Users/wagnert/Workspace/appserver/0.5.8/TechDivision_WebSocketContainer/src/TechDivision/WebSocketContainer/RatchetReceiver.php [] []
[2014-02-10 08:02:59] phpDocumentor.INFO:   No summary for class \TechDivision\WebSocketContainer\RatchetReceiver [] []
[2014-02-10 08:02:59] phpDocumentor.INFO: Parsing /Users/wagnert/Workspace/appserver/0.5.8/TechDivision_WebSocketContainer/src/TechDivision/WebSocketContainer/RatchetRequest.php [] []
[2014-02-10 08:02:59] phpDocumentor.INFO:   No summary for method isSubProtocolSupported() [] []
[2014-02-10 08:02:59] phpDocumentor.INFO:   No summary for method getSubProtocolString() [] []
[2014-02-10 08:02:59] phpDocumentor.INFO: Parsing /Users/wagnert/Workspace/appserver/0.5.8/TechDivision_WebSocketContainer/src/TechDivision/WebSocketContainer/RatchetWorker.php [] []
[2014-02-10 08:02:59] phpDocumentor.INFO: Parsing /Users/wagnert/Workspace/appserver/0.5.8/TechDivision_WebSocketContainer/src/TechDivision/WebSocketContainer/Service/Locator/HandlerLocator.php [] []
[2014-02-10 08:02:59] phpDocumentor.INFO: Parsing /Users/wagnert/Workspace/appserver/0.5.8/TechDivision_WebSocketContainer/src/TechDivision/WebSocketContainer/Service/Locator/HandlerNotFoundException.php [] []
[2014-02-10 08:02:59] phpDocumentor.INFO: Parsing /Users/wagnert/Workspace/appserver/0.5.8/TechDivision_WebSocketContainer/src/TechDivision/WebSocketContainer/Service/Locator/ResourceLocatorInterface.php [] []
[2014-02-10 08:02:59] phpDocumentor.INFO: Storing cache in "/Users/wagnert/Workspace/appserver/0.5.8/TechDivision_WebSocketContainer/target/docs" ..  [] []
[2014-02-10 08:02:59] phpDocumentor.INFO: OK [] []
[2014-02-10 08:02:59] phpDocumentor.INFO: Load cache                                                           ..  [] []
[2014-02-10 08:02:59] phpDocumentor.INFO:    0.013s [] []
[2014-02-10 08:02:59] phpDocumentor.INFO: Preparing template "clean"                                           ..  [] []
[2014-02-10 08:02:59] phpDocumentor.INFO:    0.054s [] []
[2014-02-10 08:02:59] phpDocumentor.INFO: Preparing 15 transformations                                         ..  [] []
[2014-02-10 08:02:59] phpDocumentor.INFO:    0.000s [] []
[2014-02-10 08:02:59] phpDocumentor.INFO: Build "elements" index                                               ..  [] []
[2014-02-10 08:02:59] phpDocumentor.INFO:    0.002s [] []
[2014-02-10 08:02:59] phpDocumentor.INFO: Replace textual FQCNs with object aliases                            ..  [] []
[2014-02-10 08:02:59] phpDocumentor.INFO:    0.016s [] []
[2014-02-10 08:02:59] phpDocumentor.INFO: Build "packages" index                                               ..  [] []
[2014-02-10 08:02:59] phpDocumentor.INFO:    0.003s [] []
[2014-02-10 08:02:59] phpDocumentor.INFO: Build "namespaces" index and add namespaces to "elements"            ..  [] []
[2014-02-10 08:02:59] phpDocumentor.INFO:    0.002s [] []
[2014-02-10 08:02:59] phpDocumentor.INFO: Transform analyzed project into artifacts                            ..  [] []
[2014-02-10 08:03:00] phpDocumentor.ALERT: Fatal Error (E_ERROR): Call to a member function getMethods() on a non-object {"file":"/usr/lib/php/pear/phpDocumentor/src/phpDocumentor/Descriptor/InterfaceDescriptor.php","line":121} []
